This is pdfTeX, Version 3.1415926-2.5-1.40.14 (TeX Live 2013/Debian) (format=pdflatex 2016.1.28)  27 SEP 2016 17:14
entering extended mode
 restricted \write18 enabled.
 %&-line parsing enabled.
**blala.tex
(./blala.tex
LaTeX2e <2011/06/27>
Babel <3.9h> and hyphenation patterns for 78 languages loaded.
(/usr/share/texlive/texmf-dist/tex/latex/base/article.cls
Document Class: article 2007/10/19 v1.4h Standard LaTeX document class
(/usr/share/texlive/texmf-dist/tex/latex/base/size10.clo
File: size10.clo 2007/10/19 v1.4h Standard LaTeX file (size option)
)
\c@part=\count79
\c@section=\count80
\c@subsection=\count81
\c@subsubsection=\count82
\c@paragraph=\count83
\c@subparagraph=\count84
\c@figure=\count85
\c@table=\count86
\abovecaptionskip=\skip41
\belowcaptionskip=\skip42
\bibindent=\dimen102
) (./maplestd2e.sty
Package: maple2e 2005/03/17 v1.16
Package: maplestd2e 2005/03/17 maple2eMaple Latex Style Package -- 2005/03/17 m
aple2e
Defining Maple Utility Macros
\@MapleTabSize=\dimen103
\MapleListCorrection=\toks14
(./mapleenv.def
\AboveMapleSkip=\skip43
\BelowMapleSkip=\skip44
\LeftMapleSkip=\dimen104
\AboveMaplePlot=\skip45
\BelowMaplePlot=\skip46
\MaplePlotHeight=\dimen105
\MaplePlotWidth=\dimen106
\MaplePlotHeight@Fudge=\dimen107
\MaplePlotWidth@Fudge=\dimen108
\MapleSepLineWidth=\dimen109
\MapleTab=\count87
\MaplePromptString=\toks15
\MaplePromptSecondary=\toks16
\MapleSepLineHeight=\dimen110
)
\newleftskip=\skip47
\mapleinputbox=\box26
\maplebox=\box27
\Tab=\dimen111
\@inlinebox=\box28
\cellwidth=\dimen112

Defining Maple Plot Environemnts
 ...Defaults to "dvips" Driver 
(/usr/share/texlive/texmf-dist/tex/latex/graphics/epsfig.sty
Package: epsfig 1999/02/16 v1.7a (e)psfig emulation (SPQR)

(/usr/share/texlive/texmf-dist/tex/latex/graphics/graphicx.sty
Package: graphicx 1999/02/16 v1.0f Enhanced LaTeX Graphics (DPC,SPQR)

(/usr/share/texlive/texmf-dist/tex/latex/graphics/keyval.sty
Package: keyval 1999/03/16 v1.13 key=value parser (DPC)
\KV@toks@=\toks17
)
(/usr/share/texlive/texmf-dist/tex/latex/graphics/graphics.sty
Package: graphics 2009/02/05 v1.0o Standard LaTeX Graphics (DPC,SPQR)

(/usr/share/texlive/texmf-dist/tex/latex/graphics/trig.sty
Package: trig 1999/03/16 v1.09 sin cos tan (DPC)
)
(/usr/share/texlive/texmf-dist/tex/latex/latexconfig/graphics.cfg
File: graphics.cfg 2010/04/23 v1.9 graphics configuration of TeX Live
)
Package graphics Info: Driver file: dvips.def on input line 91.

(/usr/share/texlive/texmf-dist/tex/latex/graphics/dvips.def
File: dvips.def 1999/02/16 v3.0i Driver-dependant file (DPC,SPQR)
))
\Gin@req@height=\dimen113
\Gin@req@width=\dimen114
)
\epsfxsize=\dimen115
\epsfysize=\dimen116
)
Defining Automatic Style Generation Macros
\maplettybox=\box29
Defining Maple Spreadsheet Environments
Maple Spreadsheet and Table Support
\multilinesep=\dimen117
\@linebuffer=\box30
\@currentline=\box31
\@linebufferwidth=\dimen118
\EndMultiLine=\toks18
) (./blala.aux)
\openout1 = `blala.aux'.

LaTeX Font Info:    Checking defaults for OML/cmm/m/it on input line 7.
LaTeX Font Info:    ... okay on input line 7.
LaTeX Font Info:    Checking defaults for T1/cmr/m/n on input line 7.
LaTeX Font Info:    ... okay on input line 7.
LaTeX Font Info:    Checking defaults for OT1/cmr/m/n on input line 7.
LaTeX Font Info:    ... okay on input line 7.
LaTeX Font Info:    Checking defaults for OMS/cmsy/m/n on input line 7.
LaTeX Font Info:    ... okay on input line 7.
LaTeX Font Info:    Checking defaults for OMX/cmex/m/n on input line 7.
LaTeX Font Info:    ... okay on input line 7.
LaTeX Font Info:    Checking defaults for U/cmr/m/n on input line 7.
LaTeX Font Info:    ... okay on input line 7.

(/usr/share/texlive/texmf-dist/tex/generic/oberdiek/pdftexcmds.sty
Package: pdftexcmds 2011/11/29 v0.20 Utility functions of pdfTeX for LuaTeX (HO
)

(/usr/share/texlive/texmf-dist/tex/generic/oberdiek/infwarerr.sty
Package: infwarerr 2010/04/08 v1.3 Providing info/warning/error messages (HO)
)
(/usr/share/texlive/texmf-dist/tex/generic/oberdiek/ifluatex.sty
Package: ifluatex 2010/03/01 v1.3 Provides the ifluatex switch (HO)
Package ifluatex Info: LuaTeX not detected.
)
(/usr/share/texlive/texmf-dist/tex/generic/oberdiek/ltxcmds.sty
Package: ltxcmds 2011/11/09 v1.22 LaTeX kernel commands for general use (HO)
)
(/usr/share/texlive/texmf-dist/tex/generic/oberdiek/ifpdf.sty
Package: ifpdf 2011/01/30 v2.3 Provides the ifpdf switch (HO)
Package ifpdf Info: pdfTeX in PDF mode is detected.
)
Package pdftexcmds Info: LuaTeX not detected.
Package pdftexcmds Info: \pdf@primitive is available.
Package pdftexcmds Info: \pdf@ifprimitive is available.
Package pdftexcmds Info: \pdfdraftmode found.
)
(/usr/share/texlive/texmf-dist/tex/latex/oberdiek/epstopdf-base.sty
Package: epstopdf-base 2010/02/09 v2.5 Base part for package epstopdf

(/usr/share/texlive/texmf-dist/tex/latex/oberdiek/grfext.sty
Package: grfext 2010/08/19 v1.1 Manage graphics extensions (HO)

(/usr/share/texlive/texmf-dist/tex/generic/oberdiek/kvdefinekeys.sty
Package: kvdefinekeys 2011/04/07 v1.3 Define keys (HO)
))
(/usr/share/texlive/texmf-dist/tex/latex/oberdiek/kvoptions.sty
Package: kvoptions 2011/06/30 v3.11 Key value format for package options (HO)

(/usr/share/texlive/texmf-dist/tex/generic/oberdiek/kvsetkeys.sty
Package: kvsetkeys 2012/04/25 v1.16 Key value parser (HO)

(/usr/share/texlive/texmf-dist/tex/generic/oberdiek/etexcmds.sty
Package: etexcmds 2011/02/16 v1.5 Avoid name clashes with e-TeX commands (HO)
Package etexcmds Info: Could not find \expanded.
(etexcmds)             That can mean that you are not using pdfTeX 1.50 or
(etexcmds)             that some package has redefined \expanded.
(etexcmds)             In the latter case, load this package earlier.
)))

Package epstopdf Warning: Drivers other than `pdftex.def' are not supported.

)
LaTeX Font Info:    External font `cmex10' loaded for size
(Font)              <7> on input line 25.
LaTeX Font Info:    External font `cmex10' loaded for size
(Font)              <5> on input line 25.


LaTeX Font Warning: Command \sl invalid in math mode on input line 30.


LaTeX Font Warning: Command \sl invalid in math mode on input line 30.


LaTeX Font Warning: Command \sl invalid in math mode on input line 37.


LaTeX Font Warning: Command \sl invalid in math mode on input line 52.


LaTeX Font Warning: Command \sl invalid in math mode on input line 52.


LaTeX Font Warning: Command \sl invalid in math mode on input line 52.


LaTeX Font Warning: Command \sl invalid in math mode on input line 60.


LaTeX Font Warning: Command \sl invalid in math mode on input line 60.


LaTeX Font Warning: Command \sl invalid in math mode on input line 60.


LaTeX Font Warning: Command \sl invalid in math mode on input line 76.


LaTeX Font Warning: Command \sl invalid in math mode on input line 76.


LaTeX Font Warning: Command \sl invalid in math mode on input line 76.


LaTeX Font Warning: Command \sl invalid in math mode on input line 76.


LaTeX Font Warning: Command \sl invalid in math mode on input line 76.


LaTeX Font Warning: Command \sl invalid in math mode on input line 76.

! Argument of \begin has an extra }.
<inserted text> 
                \par 
l.91 \begin
           {maplegroup}
I've run across a `}' that doesn't seem to match anything.
For example, `\def\a#1{...}' and `\a}' would produce
this error. If you simply proceed now, the `\par' that
I've just inserted will cause me to report a runaway
argument that might be the root of the problem. But if
your `}' was spurious, just type `2' and it will go away.

Runaway argument?
! Paragraph ended before \begin was complete.
<to be read again> 
                   \par 
l.91 \begin
           {maplegroup}
I suspect you've forgotten a `}', causing me to apply this
control sequence to too much text. How can we recover?
My plan is to forget the whole thing and hope for the best.


Overfull \hbox (68.36124pt too wide) in paragraph at lines 91--95
[]\OT1/cmr/m/n/10 maplegroup [] 
 []


! LaTeX Error: \begin{document} ended by \end{maplegroup}.

See the LaTeX manual or LaTeX Companion for explanation.
Type  H <return>  for immediate help.
 ...                                              
                                                  
l.96 \end{maplegroup}
                     
Your command was ignored.
Type  I <command> <return>  to replace it with another command,
or  <return>  to continue without it.

! Extra \endgroup.
<recently read> \endgroup 
                          
l.96 \end{maplegroup}
                     
Things are pretty mixed up, but I think the worst is over.

[1

{/home/yavuz/.texmf-var/fonts/map/pdftex/updmap/pdftex.map}] (./blala.aux) ) 
Here is how much of TeX's memory you used:
 1223 strings out of 493304
 17345 string characters out of 6139871
 77287 words of memory out of 5000000
 4703 multiletter control sequences out of 15000+600000
 4852 words of font info for 18 fonts, out of 8000000 for 9000
 957 hyphenation exceptions out of 8191
 42i,12n,27p,653b,112s stack positions out of 5000i,500n,10000p,200000b,80000s
</u
sr/share/texlive/texmf-dist/fonts/type1/public/amsfonts/cm/cmex10.pfb></usr/sha
re/texlive/texmf-dist/fonts/type1/public/amsfonts/cm/cmmi10.pfb></usr/share/tex
live/texmf-dist/fonts/type1/public/amsfonts/cm/cmmi7.pfb></usr/share/texlive/te
xmf-dist/fonts/type1/public/amsfonts/cm/cmr10.pfb></usr/share/texlive/texmf-dis
t/fonts/type1/public/amsfonts/cm/cmr7.pfb></usr/share/texlive/texmf-dist/fonts/
type1/public/amsfonts/cm/cmsy10.pfb></usr/share/texlive/texmf-dist/fonts/type1/
public/amsfonts/cm/cmti10.pfb></usr/share/texlive/texmf-dist/fonts/type1/public
/amsfonts/cm/cmti7.pfb>
Output written on blala.pdf (1 page, 77809 bytes).
PDF statistics:
 40 PDF objects out of 1000 (max. 8388607)
 28 compressed objects within 1 object stream
 0 named destinations out of 1000 (max. 500000)
 1 words of extra memory for PDF output out of 10000 (max. 10000000)

